# Logfile created on 2014-03-22 11:53:51 -0400 by logger.rb/41954
I, [2014-03-22T11:53:51.823925 #10247]  INFO -- : 0:  coderay (1.1.0) from /Users/lydiaho/.rvm/rubies/ruby-2.0.0-p353/lib/ruby/gems/2.0.0/specifications/coderay-1.1.0.gemspec
I, [2014-03-22T11:53:51.824273 #10247]  INFO -- : 0:  method_source (0.8.2) from /Users/lydiaho/.rvm/rubies/ruby-2.0.0-p353/lib/ruby/gems/2.0.0/specifications/method_source-0.8.2.gemspec
I, [2014-03-22T11:53:51.824497 #10247]  INFO -- : 0:  slop (3.5.0) from /Users/lydiaho/.rvm/rubies/ruby-2.0.0-p353/lib/ruby/gems/2.0.0/specifications/slop-3.5.0.gemspec
I, [2014-03-22T11:53:51.824703 #10247]  INFO -- : 0:  pry (0.9.12.6) from /Users/lydiaho/.rvm/rubies/ruby-2.0.0-p353/lib/ruby/gems/2.0.0/specifications/pry-0.9.12.6.gemspec
I, [2014-03-22T11:53:51.824908 #10247]  INFO -- : 0:  rack (1.5.2) from /Users/lydiaho/.rvm/rubies/ruby-2.0.0-p353/lib/ruby/gems/2.0.0/specifications/rack-1.5.2.gemspec
I, [2014-03-22T11:53:51.825108 #10247]  INFO -- : 0:  rack-protection (1.5.2) from /Users/lydiaho/.rvm/rubies/ruby-2.0.0-p353/lib/ruby/gems/2.0.0/specifications/rack-protection-1.5.2.gemspec
I, [2014-03-22T11:53:51.825303 #10247]  INFO -- : 0:  shotgun (0.9) from /Users/lydiaho/.rvm/rubies/ruby-2.0.0-p353/lib/ruby/gems/2.0.0/specifications/shotgun-0.9.gemspec
I, [2014-03-22T11:53:51.825500 #10247]  INFO -- : 0:  tilt (1.4.1) from /Users/lydiaho/.rvm/rubies/ruby-2.0.0-p353/lib/ruby/gems/2.0.0/specifications/tilt-1.4.1.gemspec
I, [2014-03-22T11:53:51.825695 #10247]  INFO -- : 0:  sinatra (1.4.4) from /Users/lydiaho/.rvm/rubies/ruby-2.0.0-p353/lib/ruby/gems/2.0.0/specifications/sinatra-1.4.4.gemspec
I, [2014-03-22T11:53:51.825866 #10247]  INFO -- : 0:  bundler (1.5.1) from /Users/lydiaho/.rvm/rubies/ruby-2.0.0-p353/lib/ruby/gems/2.0.0/specifications/bundler-1.5.1.gemspec
I, [2014-03-22T11:54:13.132738 #10281]  INFO -- : 0:  rack (1.5.2) from /Users/lydiaho/.rvm/rubies/ruby-2.0.0-p353/lib/ruby/gems/2.0.0/specifications/rack-1.5.2.gemspec
I, [2014-03-22T11:54:13.133110 #10281]  INFO -- : 0:  rack-protection (1.5.2) from /Users/lydiaho/.rvm/rubies/ruby-2.0.0-p353/lib/ruby/gems/2.0.0/specifications/rack-protection-1.5.2.gemspec
I, [2014-03-22T11:54:13.133353 #10281]  INFO -- : 0:  shotgun (0.9) from /Users/lydiaho/.rvm/rubies/ruby-2.0.0-p353/lib/ruby/gems/2.0.0/specifications/shotgun-0.9.gemspec
I, [2014-03-22T11:54:13.133586 #10281]  INFO -- : 0:  tilt (1.4.1) from /Users/lydiaho/.rvm/rubies/ruby-2.0.0-p353/lib/ruby/gems/2.0.0/specifications/tilt-1.4.1.gemspec
I, [2014-03-22T11:54:13.133800 #10281]  INFO -- : 0:  sinatra (1.4.4) from /Users/lydiaho/.rvm/rubies/ruby-2.0.0-p353/lib/ruby/gems/2.0.0/specifications/sinatra-1.4.4.gemspec
I, [2014-03-22T11:54:13.133995 #10281]  INFO -- : 0:  bundler (1.5.1) from /Users/lydiaho/.rvm/rubies/ruby-2.0.0-p353/lib/ruby/gems/2.0.0/specifications/bundler-1.5.1.gemspec
I, [2014-03-22T15:04:06.155797 #16696]  INFO -- : 0:  thor (0.19.0) from /Users/lydiaho/.rvm/rubies/ruby-2.0.0-p353/lib/ruby/gems/2.0.0/specifications/thor-0.19.0.gemspec
I, [2014-03-22T15:04:07.027308 #16696]  INFO -- : 0:  foundation (1.0.4) from /Users/lydiaho/.rvm/rubies/ruby-2.0.0-p353/lib/ruby/gems/2.0.0/specifications/foundation-1.0.4.gemspec
I, [2014-03-22T15:04:07.027719 #16696]  INFO -- : 0:  rack (1.5.2) from /Users/lydiaho/.rvm/rubies/ruby-2.0.0-p353/lib/ruby/gems/2.0.0/specifications/rack-1.5.2.gemspec
I, [2014-03-22T15:04:07.027989 #16696]  INFO -- : 0:  rack-protection (1.5.2) from /Users/lydiaho/.rvm/rubies/ruby-2.0.0-p353/lib/ruby/gems/2.0.0/specifications/rack-protection-1.5.2.gemspec
I, [2014-03-22T15:04:07.028244 #16696]  INFO -- : 0:  shotgun (0.9) from /Users/lydiaho/.rvm/rubies/ruby-2.0.0-p353/lib/ruby/gems/2.0.0/specifications/shotgun-0.9.gemspec
I, [2014-03-22T15:04:07.028549 #16696]  INFO -- : 0:  tilt (1.4.1) from /Users/lydiaho/.rvm/rubies/ruby-2.0.0-p353/lib/ruby/gems/2.0.0/specifications/tilt-1.4.1.gemspec
I, [2014-03-22T15:04:07.028831 #16696]  INFO -- : 0:  sinatra (1.4.4) from /Users/lydiaho/.rvm/rubies/ruby-2.0.0-p353/lib/ruby/gems/2.0.0/specifications/sinatra-1.4.4.gemspec
I, [2014-03-22T15:04:07.029074 #16696]  INFO -- : 0:  bundler (1.5.1) from /Users/lydiaho/.rvm/rubies/ruby-2.0.0-p353/lib/ruby/gems/2.0.0/specifications/bundler-1.5.1.gemspec
I, [2014-03-22T17:35:28.136491 #25376]  INFO -- : 0:  rack (1.5.2) from /Users/lydiaho/.rvm/rubies/ruby-2.0.0-p353/lib/ruby/gems/2.0.0/specifications/rack-1.5.2.gemspec
I, [2014-03-22T17:35:28.136853 #25376]  INFO -- : 0:  rack-protection (1.5.2) from /Users/lydiaho/.rvm/rubies/ruby-2.0.0-p353/lib/ruby/gems/2.0.0/specifications/rack-protection-1.5.2.gemspec
I, [2014-03-22T17:35:28.137079 #25376]  INFO -- : 0:  tilt (1.4.1) from /Users/lydiaho/.rvm/rubies/ruby-2.0.0-p353/lib/ruby/gems/2.0.0/specifications/tilt-1.4.1.gemspec
I, [2014-03-22T17:35:28.137294 #25376]  INFO -- : 0:  sinatra (1.4.4) from /Users/lydiaho/.rvm/rubies/ruby-2.0.0-p353/lib/ruby/gems/2.0.0/specifications/sinatra-1.4.4.gemspec
I, [2014-03-22T17:35:28.137482 #25376]  INFO -- : 0:  bundler (1.5.1) from /Users/lydiaho/.rvm/rubies/ruby-2.0.0-p353/lib/ruby/gems/2.0.0/specifications/bundler-1.5.1.gemspec
I, [2014-03-22T17:36:01.041907 #25460]  INFO -- : 0:  rack (1.5.2) from /Users/lydiaho/.rvm/rubies/ruby-2.0.0-p353/lib/ruby/gems/2.0.0/specifications/rack-1.5.2.gemspec
I, [2014-03-22T17:36:01.042285 #25460]  INFO -- : 0:  rack-protection (1.5.2) from /Users/lydiaho/.rvm/rubies/ruby-2.0.0-p353/lib/ruby/gems/2.0.0/specifications/rack-protection-1.5.2.gemspec
I, [2014-03-22T17:36:01.042511 #25460]  INFO -- : 0:  tilt (1.4.1) from /Users/lydiaho/.rvm/rubies/ruby-2.0.0-p353/lib/ruby/gems/2.0.0/specifications/tilt-1.4.1.gemspec
I, [2014-03-22T17:36:01.042723 #25460]  INFO -- : 0:  sinatra (1.4.4) from /Users/lydiaho/.rvm/rubies/ruby-2.0.0-p353/lib/ruby/gems/2.0.0/specifications/sinatra-1.4.4.gemspec
I, [2014-03-22T17:36:01.042906 #25460]  INFO -- : 0:  bundler (1.5.1) from /Users/lydiaho/.rvm/rubies/ruby-2.0.0-p353/lib/ruby/gems/2.0.0/specifications/bundler-1.5.1.gemspec
